<?xml version="1.0" encoding="UTF-8"?>
<!-- Generated by org.testng.reporters.JUnitReportReporter -->
<testsuite hostname="DESKTOP-HPUN62I" name="testNgWithSelenium.DragAndDropDemo2" tests="1" failures="0" timestamp="1 Jun 2024 09:00:54 GMT" time="10.201" errors="0">
  <testcase name="DragAndDropDemo_1" time="10.201" classname="testNgWithSelenium.DragAndDropDemo2"/>
</testsuite> <!-- testNgWithSelenium.DragAndDropDemo2 -->
