<?xml version="1.0" encoding="UTF-8"?>
<!-- Generated by org.testng.reporters.JUnitReportReporter -->
<testsuite hostname="DESKTOP-HPUN62I" name="testingNgDemo1.TestNgDemo3" tests="4" failures="0" timestamp="17 Jul 2024 04:34:19 GMT" time="0.021" errors="0">
  <testcase name="funD" time="0.002" classname="testingNgDemo1.TestNgDemo3"/>
  <testcase name="funB" time="0.001" classname="testingNgDemo1.TestNgDemo3"/>
  <testcase name="funC" time="0.016" classname="testingNgDemo1.TestNgDemo3"/>
  <testcase name="funA" time="0.002" classname="testingNgDemo1.TestNgDemo3"/>
</testsuite> <!-- testingNgDemo1.TestNgDemo3 -->
