<?xml version="1.0" encoding="UTF-8"?>
<!-- Generated by org.testng.reporters.JUnitReportReporter -->
<testsuite hostname="DESKTOP-HPUN62I" name="testingNgDemo1.TestNgGroupsDemo1" tests="2" failures="0" timestamp="19 May 2024 21:31:19 GMT" time="0.016" errors="0">
  <testcase name="funC" time="0.015" classname="testingNgDemo1.TestNgGroupsDemo1"/>
  <testcase name="funD" time="0.001" classname="testingNgDemo1.TestNgGroupsDemo1"/>
</testsuite> <!-- testingNgDemo1.TestNgGroupsDemo1 -->
