<?xml version="1.0" encoding="UTF-8"?>
<!-- Generated by org.testng.reporters.JUnitReportReporter -->
<testsuite hostname="DESKTOP-HPUN62I" name="testingNgDemo1.TestNgAnnotationsDemo2" tests="1" failures="0" timestamp="17 Jul 2024 04:10:45 GMT" time="0.023" errors="0">
  <testcase name="funA" time="0.023" classname="testingNgDemo1.TestNgAnnotationsDemo2"/>
</testsuite> <!-- testingNgDemo1.TestNgAnnotationsDemo2 -->
