<?xml version="1.0" encoding="UTF-8"?>
<!-- Generated by org.testng.reporters.JUnitReportReporter -->
<testsuite hostname="DESKTOP-HPUN62I" name="testingNgDemo1.Sriyaan" tests="1" failures="0" timestamp="17 Jul 2024 03:50:52 GMT" time="0.010" errors="0">
  <testcase name="fun" time="0.010" classname="testingNgDemo1.Sriyaan"/>
</testsuite> <!-- testingNgDemo1.Sriyaan -->
