<?xml version="1.0" encoding="UTF-8"?>
<!-- Generated by org.testng.reporters.JUnitReportReporter -->
<testsuite hostname="DESKTOP-HPUN62I" name="testingNgDemo1.TestNgDemo2" tests="1" failures="0" timestamp="17 Jul 2024 04:32:55 GMT" time="0.015" errors="0">
  <testcase name="funA" time="0.015" classname="testingNgDemo1.TestNgDemo2"/>
</testsuite> <!-- testingNgDemo1.TestNgDemo2 -->
