<?xml version="1.0" encoding="UTF-8"?>
<!-- Generated by org.testng.reporters.JUnitReportReporter -->
<testsuite hostname="DESKTOP-HPUN62I" name="testNgWithSelenium.AlertDemo4" tests="5" failures="0" timestamp="6 Jul 2024 10:04:26 GMT" time="61.294" errors="0">
  <testcase name="TestCase4PromptAcceptBox" time="17.991" classname="testNgWithSelenium.AlertDemo4"/>
  <testcase name="TestCase1alertbox" time="10.967" classname="testNgWithSelenium.AlertDemo4"/>
  <testcase name="TestCase3ConfirmBoxDismiss" time="10.100" classname="testNgWithSelenium.AlertDemo4"/>
  <testcase name="Testcase2confirmBox" time="11.302" classname="testNgWithSelenium.AlertDemo4"/>
  <testcase name="TestCase5PromptDimissBox" time="10.934" classname="testNgWithSelenium.AlertDemo4"/>
</testsuite> <!-- testNgWithSelenium.AlertDemo4 -->
