<?xml version="1.0" encoding="UTF-8"?>
<!-- Generated by org.testng.reporters.JUnitReportReporter -->
<testsuite hostname="DESKTOP-HPUN62I" name="testNgWithSelenium.PopUpWindowDemo2" tests="1" failures="0" timestamp="24 Jul 2024 04:27:11 GMT" time="12.777" errors="0">
  <testcase name="PopUpWindowDemo1" time="12.777" classname="testNgWithSelenium.PopUpWindowDemo2"/>
</testsuite> <!-- testNgWithSelenium.PopUpWindowDemo2 -->
