<?xml version="1.0" encoding="UTF-8"?>
<!-- Generated by org.testng.reporters.JUnitReportReporter -->
<testsuite hostname="DESKTOP-HPUN62I" name="testNgWithSelenium.EpayLoginPg" tests="1" failures="0" timestamp="29 Jun 2024 14:28:55 GMT" time="15.439" errors="0">
  <testcase name="epaySlider" time="15.439" classname="testNgWithSelenium.EpayLoginPg"/>
</testsuite> <!-- testNgWithSelenium.EpayLoginPg -->
