<?xml version="1.0" encoding="UTF-8"?>
<!-- Generated by org.testng.reporters.JUnitReportReporter -->
<testsuite hostname="DESKTOP-HPUN62I" name="testNgWithSelenium.ExplicitWaitDemo3" tests="1" failures="0" timestamp="3 Jun 2024 15:13:52 GMT" time="19.638" errors="0">
  <testcase name="ExplicitWaitDemoCase2" time="19.638" classname="testNgWithSelenium.ExplicitWaitDemo3"/>
</testsuite> <!-- testNgWithSelenium.ExplicitWaitDemo3 -->
