<?xml version="1.0" encoding="UTF-8"?>
<!-- Generated by org.testng.reporters.JUnitReportReporter -->
<testsuite hostname="DESKTOP-HPUN62I" name="testNgWithSelenium.PageTitleDemo2" tests="1" failures="0" timestamp="30 May 2024 05:55:48 GMT" time="12.238" errors="0">
  <testcase name="PageTitleDemo_2" time="12.238" classname="testNgWithSelenium.PageTitleDemo2"/>
</testsuite> <!-- testNgWithSelenium.PageTitleDemo2 -->
