<?xml version="1.0" encoding="UTF-8"?>
<!-- Generated by org.testng.reporters.JUnitReportReporter -->
<testsuite hostname="DESKTOP-HPUN62I" name="SeleniumDemosPgm.BrokenLinkDemo3B" tests="1" failures="0" timestamp="24 May 2024 22:11:45 GMT" time="1.387" errors="0">
  <testcase name="BrokenLinkDemo3B" time="1.387" classname="SeleniumDemosPgm.BrokenLinkDemo3B"/>
</testsuite> <!-- SeleniumDemosPgm.BrokenLinkDemo3B -->
