<?xml version="1.0" encoding="UTF-8"?>
<!-- Generated by org.testng.reporters.JUnitReportReporter -->
<testsuite hostname="DESKTOP-HPUN62I" name="testNgWithSelenium.EpaySlider" tests="1" failures="0" timestamp="29 Jun 2024 12:53:48 GMT" time="25.817" errors="0">
  <testcase name="epaySlider" time="25.817" classname="testNgWithSelenium.EpaySlider"/>
</testsuite> <!-- testNgWithSelenium.EpaySlider -->
