<?xml version="1.0" encoding="UTF-8"?>
<!-- Generated by org.testng.reporters.JUnitReportReporter -->
<testsuite hostname="DESKTOP-HPUN62I" name="testNgWithSelenium.CheckBoxDemo2WithTestNg" tests="3" failures="0" timestamp="24 May 2024 09:57:49 GMT" time="0.235" errors="0">
  <testcase name="enabled" time="0.024" classname="testNgWithSelenium.CheckBoxDemo2WithTestNg"/>
  <testcase name="selected" time="0.123" classname="testNgWithSelenium.CheckBoxDemo2WithTestNg"/>
  <testcase name="display" time="0.088" classname="testNgWithSelenium.CheckBoxDemo2WithTestNg"/>
</testsuite> <!-- testNgWithSelenium.CheckBoxDemo2WithTestNg -->
