<?xml version="1.0" encoding="UTF-8"?>
<!-- Generated by org.testng.reporters.JUnitReportReporter -->
<testsuite hostname="DESKTOP-HPUN62I" name="SeleniumDemosPgm.BrokenLinkDemo3" tests="1" failures="0" timestamp="24 May 2024 06:13:59 GMT" time="6.100" errors="0">
  <testcase name="funA" time="6.100" classname="SeleniumDemosPgm.BrokenLinkDemo3"/>
</testsuite> <!-- SeleniumDemosPgm.BrokenLinkDemo3 -->
