<?xml version="1.0" encoding="UTF-8"?>
<!-- Generated by org.testng.reporters.JUnitReportReporter -->
<testsuite hostname="DESKTOP-HPUN62I" name="testingNgDemo1.TestNgArifDemo2" tests="2" failures="0" timestamp="19 May 2024 21:53:34 GMT" time="0.018" errors="0">
  <testcase name="funD" time="0.001" classname="testingNgDemo1.TestNgArifDemo2"/>
  <testcase name="funA" time="0.017" classname="testingNgDemo1.TestNgArifDemo2"/>
</testsuite> <!-- testingNgDemo1.TestNgArifDemo2 -->
