<?xml version="1.0" encoding="UTF-8"?>
<!-- Generated by org.testng.reporters.JUnitReportReporter -->
<testsuite hostname="DESKTOP-HPUN62I" name="testNgWithSelenium.WebTableDemo1" tests="1" failures="0" timestamp="25 Aug 2024 05:08:25 GMT" time="12.662" errors="0">
  <testcase name="WebTableDemo_1" time="12.662" classname="testNgWithSelenium.WebTableDemo1"/>
</testsuite> <!-- testNgWithSelenium.WebTableDemo1 -->
