<?xml version="1.0" encoding="UTF-8"?>
<!-- Generated by org.testng.reporters.JUnitReportReporter -->
<testsuite hostname="DESKTOP-HPUN62I" name="testingNgDemo1.TestNgArifDemo1" tests="3" failures="0" timestamp="18 May 2024 10:55:31 GMT" time="0.019" errors="0">
  <testcase name="funC" time="0.003" classname="testingNgDemo1.TestNgArifDemo1"/>
  <testcase name="funA" time="0.001" classname="testingNgDemo1.TestNgArifDemo1"/>
  <testcase name="funB" time="0.015" classname="testingNgDemo1.TestNgArifDemo1"/>
</testsuite> <!-- testingNgDemo1.TestNgArifDemo1 -->
