<?xml version="1.0" encoding="UTF-8"?>
<!-- Generated by org.testng.reporters.JUnitReportReporter -->
<testsuite hostname="DESKTOP-HPUN62I" name="testingNgDemo1.TestNgDemo5B" tests="2" failures="0" timestamp="17 May 2024 15:59:53 GMT" time="0.009" errors="0">
  <testcase name="loginTest" time="0.005" classname="testingNgDemo1.TestNgDemo5B"/>
  <testcase name="customerDetails" time="0.004" classname="testingNgDemo1.TestNgDemo5B"/>
</testsuite> <!-- testingNgDemo1.TestNgDemo5B -->
