<?xml version="1.0" encoding="UTF-8"?>
<!-- Generated by org.testng.reporters.JUnitReportReporter -->
<testsuite hostname="DESKTOP-HPUN62I" name="testNgWithSelenium.AlertDemo2" tests="1" failures="0" timestamp="27 May 2024 19:39:38 GMT" time="16.234" errors="0">
  <testcase name="LabelDemo3" time="16.234" classname="testNgWithSelenium.AlertDemo2"/>
</testsuite> <!-- testNgWithSelenium.AlertDemo2 -->
