<?xml version="1.0" encoding="UTF-8"?>
<!-- Generated by org.testng.reporters.JUnitReportReporter -->
<testsuite hostname="DESKTOP-HPUN62I" name="testNgWithSelenium.WebTableAssignment" tests="1" failures="0" timestamp="1 Sep 2024 18:18:13 GMT" time="63.559" errors="0">
  <testcase name="bse_webTable" time="63.559" classname="testNgWithSelenium.WebTableAssignment"/>
</testsuite> <!-- testNgWithSelenium.WebTableAssignment -->
