<?xml version="1.0" encoding="UTF-8"?>
<!-- Generated by org.testng.reporters.JUnitReportReporter -->
<testsuite hostname="DESKTOP-HPUN62I" name="testingNgDemo1.TestNgXMLDemo1" tests="1" failures="0" timestamp="17 May 2024 15:59:53 GMT" time="0.006" errors="0">
  <testcase name="f" time="0.006" classname="testingNgDemo1.TestNgXMLDemo1"/>
</testsuite> <!-- testingNgDemo1.TestNgXMLDemo1 -->
