<?xml version="1.0" encoding="UTF-8"?>
<!-- Generated by org.testng.reporters.JUnitReportReporter -->
<testsuite hostname="DESKTOP-HPUN62I" name="testNgWithSelenium.FBLabelInputBoxDemo1WithTesNg" tests="3" failures="0" timestamp="14 Aug 2024 04:37:59 GMT" time="0.236" errors="0">
  <testcase name="inputboxenabled" time="0.032" classname="testNgWithSelenium.FBLabelInputBoxDemo1WithTesNg"/>
  <testcase name="waterMarkDisplayed" time="0.081" classname="testNgWithSelenium.FBLabelInputBoxDemo1WithTesNg"/>
  <testcase name="inputboxdisplayed" time="0.123" classname="testNgWithSelenium.FBLabelInputBoxDemo1WithTesNg"/>
</testsuite> <!-- testNgWithSelenium.FBLabelInputBoxDemo1WithTesNg -->
