<?xml version="1.0" encoding="UTF-8"?>
<!-- Generated by org.testng.reporters.JUnitReportReporter -->
<testsuite hostname="DESKTOP-HPUN62I" name="testNgWithSelenium.MouseHoverDemo1" tests="1" failures="0" timestamp="2 Jun 2024 16:51:00 GMT" time="11.782" errors="0">
  <testcase name="TestCase1" time="11.782" classname="testNgWithSelenium.MouseHoverDemo1"/>
</testsuite> <!-- testNgWithSelenium.MouseHoverDemo1 -->
