<?xml version="1.0" encoding="UTF-8"?>
<!-- Generated by org.testng.reporters.JUnitReportReporter -->
<testsuite hostname="DESKTOP-HPUN62I" name="testNgWithSelenium.DrpDwnDem1WithTestNg" tests="1" failures="0" timestamp="10 Jul 2024 06:05:08 GMT" time="15.469" errors="0">
  <testcase name="dropDown" time="15.469" classname="testNgWithSelenium.DrpDwnDem1WithTestNg"/>
</testsuite> <!-- testNgWithSelenium.DrpDwnDem1WithTestNg -->
