<?xml version="1.0" encoding="UTF-8"?>
<!-- Generated by org.testng.reporters.JUnitReportReporter -->
<testsuite hostname="DESKTOP-HPUN62I" name="testNgWithSelenium.ExplicitWaitDemo2" tests="1" failures="0" timestamp="4 Jun 2024 02:25:50 GMT" time="62.171" errors="0">
  <testcase name="ExplicitWaitDemoCase2" time="62.171" classname="testNgWithSelenium.ExplicitWaitDemo2"/>
</testsuite> <!-- testNgWithSelenium.ExplicitWaitDemo2 -->
