<?xml version="1.0" encoding="UTF-8"?>
<!-- Generated by org.testng.reporters.JUnitReportReporter -->
<testsuite hostname="DESKTOP-HPUN62I" name="testNgWithSelenium.WebTableDemo2" tests="1" failures="0" timestamp="26 May 2024 07:28:50 GMT" time="9.745" errors="0">
  <testcase name="DynamicWebTableDemo_2" time="9.745" classname="testNgWithSelenium.WebTableDemo2"/>
</testsuite> <!-- testNgWithSelenium.WebTableDemo2 -->
