<?xml version="1.0" encoding="UTF-8"?>
<!-- Generated by org.testng.reporters.JUnitReportReporter -->
<testsuite hostname="DESKTOP-HPUN62I" name="testNgWithSelenium.ExplicitWaitDemo4" tests="1" failures="0" timestamp="4 Jun 2024 02:20:41 GMT" time="18.341" errors="0">
  <testcase name="ExplicitWaitDemoCase2" time="18.341" classname="testNgWithSelenium.ExplicitWaitDemo4"/>
</testsuite> <!-- testNgWithSelenium.ExplicitWaitDemo4 -->
