<?xml version="1.0" encoding="UTF-8"?>
<!-- Generated by org.testng.reporters.JUnitReportReporter -->
<testsuite hostname="DESKTOP-HPUN62I" name="testNgWithSelenium.BrokenLinkDemo1WithTestNg" tests="1" failures="0" timestamp="24 May 2024 10:48:50 GMT" time="8.425" errors="0">
  <testcase name="funA" time="8.425" classname="testNgWithSelenium.BrokenLinkDemo1WithTestNg"/>
</testsuite> <!-- testNgWithSelenium.BrokenLinkDemo1WithTestNg -->
