<?xml version="1.0" encoding="UTF-8"?>
<!-- Generated by org.testng.reporters.JUnitReportReporter -->
<testsuite hostname="DESKTOP-HPUN62I" name="testingNgDemo1.TestNgAnnotationsDemo3" tests="1" failures="0" timestamp="17 Jul 2024 04:11:47 GMT" time="0.011" errors="0">
  <testcase name="funA" time="0.011" classname="testingNgDemo1.TestNgAnnotationsDemo3"/>
</testsuite> <!-- testingNgDemo1.TestNgAnnotationsDemo3 -->
