<?xml version="1.0" encoding="UTF-8"?>
<!-- Generated by org.testng.reporters.JUnitReportReporter -->
<testsuite hostname="DESKTOP-HPUN62I" name="testNgWithSelenium.DragAndDropDemo1" tests="1" failures="0" timestamp="1 Jun 2024 08:59:39 GMT" time="8.595" errors="0">
  <testcase name="DragAndDropDemo_1" time="8.595" classname="testNgWithSelenium.DragAndDropDemo1"/>
</testsuite> <!-- testNgWithSelenium.DragAndDropDemo1 -->
