<?xml version="1.0" encoding="UTF-8"?>
<!-- Generated by org.testng.reporters.JUnitReportReporter -->
<testsuite hostname="DESKTOP-HPUN62I" name="testingNgDemo1.TestNgAnnotationsDemo1A" tests="2" failures="0" timestamp="21 May 2024 10:12:14 GMT" time="0.029" errors="0">
  <testcase name="funA" time="0.011" classname="testingNgDemo1.TestNgAnnotationsDemo1A"/>
  <testcase name="funB" time="0.018" classname="testingNgDemo1.TestNgAnnotationsDemo1A"/>
</testsuite> <!-- testingNgDemo1.TestNgAnnotationsDemo1A -->
