<?xml version="1.0" encoding="UTF-8"?>
<!-- Generated by org.testng.reporters.JUnitReportReporter -->
<testsuite hostname="DESKTOP-HPUN62I" name="testNgWithSelenium.LabelText1WithTestNg" tests="1" failures="0" timestamp="24 May 2024 09:15:18 GMT" time="8.801" errors="0">
  <testcase name="LabelText1WithTestNg" time="8.801" classname="testNgWithSelenium.LabelText1WithTestNg"/>
</testsuite> <!-- testNgWithSelenium.LabelText1WithTestNg -->
