<?xml version="1.0" encoding="UTF-8"?>
<!-- Generated by org.testng.reporters.JUnitReportReporter -->
<testsuite hostname="DESKTOP-HPUN62I" name="SeleniumDemosPgm.BrokenLinkDemo1" tests="1" failures="0" timestamp="24 May 2024 06:42:21 GMT" time="6.558" errors="0">
  <testcase name="funA" time="6.558" classname="SeleniumDemosPgm.BrokenLinkDemo1"/>
</testsuite> <!-- SeleniumDemosPgm.BrokenLinkDemo1 -->
