<?xml version="1.0" encoding="UTF-8"?>
<!-- Generated by org.testng.reporters.JUnitReportReporter -->
<testsuite hostname="DESKTOP-HPUN62I" name="testNgWithSelenium.AlertDemo2A" tests="1" failures="0" timestamp="29 May 2024 08:04:58 GMT" time="24.964" errors="0">
  <testcase name="LabelDemo3" time="24.964" classname="testNgWithSelenium.AlertDemo2A"/>
</testsuite> <!-- testNgWithSelenium.AlertDemo2A -->
