<?xml version="1.0" encoding="UTF-8"?>
<!-- Generated by org.testng.reporters.JUnitReportReporter -->
<testsuite hostname="DESKTOP-HPUN62I" name="testingNgDemo1.TestNgDemo1" tests="4" failures="0" timestamp="17 Jul 2024 04:32:28 GMT" time="0.025" errors="0">
  <testcase name="funC" time="0.002" classname="testingNgDemo1.TestNgDemo1"/>
  <testcase name="funB" time="0.003" classname="testingNgDemo1.TestNgDemo1"/>
  <testcase name="funA" time="0.018" classname="testingNgDemo1.TestNgDemo1"/>
  <testcase name="funD" time="0.002" classname="testingNgDemo1.TestNgDemo1"/>
</testsuite> <!-- testingNgDemo1.TestNgDemo1 -->
