<?xml version="1.0" encoding="UTF-8"?>
<!-- Generated by org.testng.reporters.JUnitReportReporter -->
<testsuite hostname="DESKTOP-HPUN62I" name="SeleniumDemosPgm.DropDownDemo2" tests="1" failures="0" timestamp="27 May 2024 20:11:55 GMT" time="0.016" errors="1">
  <testcase name="DropDownDemo_2" time="0.016" classname="SeleniumDemosPgm.DropDownDemo2">
    <error type="java.lang.Error" message="Unresolved compilation problems: 
	void[] is an invalid type
	Syntax error on token &quot;click&quot;, AnnotationName expected after this token
	Illegal modifier for parameter click; only final is permitted
	Syntax error, insert &quot;[ ]&quot; to complete Dimension
	Syntax error, insert &quot;;&quot; to complete LocalVariableDeclarationStatement
">
      <![CDATA[java.lang.Error: Unresolved compilation problems: 
	void[] is an invalid type
	Syntax error on token "click", AnnotationName expected after this token
	Illegal modifier for parameter click; only final is permitted
	Syntax error, insert "[ ]" to complete Dimension
	Syntax error, insert ";" to complete LocalVariableDeclarationStatement

	at SeleniumDemosPgm.DropDownDemo2.DropDownDemo_2(DropDownDemo2.java:28)
	at sun.reflect.NativeMethodAccessorImpl.invoke0(Native Method)
	at sun.reflect.NativeMethodAccessorImpl.invoke(Unknown Source)
	at sun.reflect.DelegatingMethodAccessorImpl.invoke(Unknown Source)
	at java.lang.reflect.Method.invoke(Unknown Source)
	at org.testng.internal.MethodInvocationHelper.invokeMethod(MethodInvocationHelper.java:85)
	at org.testng.internal.Invoker.invokeMethod(Invoker.java:663)
	at org.testng.internal.Invoker.invokeTestMethod(Invoker.java:849)
	at org.testng.internal.Invoker.invokeTestMethods(Invoker.java:1157)
	at org.testng.internal.TestMethodWorker.invokeTestMethods(TestMethodWorker.java:124)
	at org.testng.internal.TestMethodWorker.run(TestMethodWorker.java:108)
	at org.testng.TestRunner.privateRun(TestRunner.java:771)
	at org.testng.TestRunner.run(TestRunner.java:621)
	at org.testng.SuiteRunner.runTest(SuiteRunner.java:357)
	at org.testng.SuiteRunner.runSequentially(SuiteRunner.java:352)
	at org.testng.SuiteRunner.privateRun(SuiteRunner.java:310)
	at org.testng.SuiteRunner.run(SuiteRunner.java:259)
	at org.testng.SuiteRunnerWorker.runSuite(SuiteRunnerWorker.java:52)
	at org.testng.SuiteRunnerWorker.run(SuiteRunnerWorker.java:86)
	at org.testng.TestNG.runSuitesSequentially(TestNG.java:1200)
	at org.testng.TestNG.runSuitesLocally(TestNG.java:1125)
	at org.testng.TestNG.run(TestNG.java:1033)
	at org.testng.remote.RemoteTestNG.run(RemoteTestNG.java:111)
	at org.testng.remote.RemoteTestNG.initAndRun(RemoteTestNG.java:204)
	at org.testng.remote.RemoteTestNG.main(RemoteTestNG.java:175)
]]>
    </error>
  </testcase> <!-- DropDownDemo_2 -->
</testsuite> <!-- SeleniumDemosPgm.DropDownDemo2 -->
