<?xml version="1.0" encoding="UTF-8"?>
<!-- Generated by org.testng.reporters.JUnitReportReporter -->
<testsuite hostname="DESKTOP-HPUN62I" name="testingNgDemo1.testingNgDemo1" tests="1" failures="0" timestamp="17 Jul 2024 03:25:54 GMT" time="0.028" errors="0">
  <testcase name="funA" time="0.028" classname="testingNgDemo1.testingNgDemo1"/>
</testsuite> <!-- testingNgDemo1.testingNgDemo1 -->
