<?xml version="1.0" encoding="UTF-8"?>
<!-- Generated by org.testng.reporters.JUnitReportReporter -->
<testsuite hostname="DESKTOP-HPUN62I" name="SeleniumDemosPgm.BrokenLinkDemo3A" tests="1" failures="0" timestamp="24 May 2024 14:38:53 GMT" time="20.048" errors="0">
  <testcase name="funA" time="20.048" classname="SeleniumDemosPgm.BrokenLinkDemo3A"/>
</testsuite> <!-- SeleniumDemosPgm.BrokenLinkDemo3A -->
