<?xml version="1.0" encoding="UTF-8"?>
<!-- Generated by org.testng.reporters.JUnitReportReporter -->
<testsuite hostname="DESKTOP-HPUN62I" name="testNgWithSelenium.MercuryLabelDemo2WithTestNg" tests="3" failures="0" timestamp="24 May 2024 22:45:04 GMT" time="0.546" errors="0">
  <testcase name="enabled" time="0.023" classname="testNgWithSelenium.MercuryLabelDemo2WithTestNg"/>
  <testcase name="display" time="0.049" classname="testNgWithSelenium.MercuryLabelDemo2WithTestNg"/>
  <testcase name="dataMatched" time="0.474" classname="testNgWithSelenium.MercuryLabelDemo2WithTestNg"/>
</testsuite> <!-- testNgWithSelenium.MercuryLabelDemo2WithTestNg -->
