<?xml version="1.0" encoding="UTF-8"?>
<!-- Generated by org.testng.reporters.JUnitReportReporter -->
<testsuite hostname="DESKTOP-HPUN62I" name="testNgWithSelenium.DragAndDropDemo3" tests="1" failures="0" timestamp="29 Jun 2024 16:09:11 GMT" time="9.175" errors="0">
  <testcase name="DragAndDropSliderDemo1" time="9.175" classname="testNgWithSelenium.DragAndDropDemo3"/>
</testsuite> <!-- testNgWithSelenium.DragAndDropDemo3 -->
