<?xml version="1.0" encoding="UTF-8"?>
<!-- Generated by org.testng.reporters.JUnitReportReporter -->
<testsuite hostname="DESKTOP-HPUN62I" name="testNgWithSelenium.LabelDemo1WithTestNg" tests="1" failures="0" timestamp="24 Jul 2024 02:13:34 GMT" time="16.137" errors="0">
  <testcase name="LabelDemo1WithTestNg" time="16.137" classname="testNgWithSelenium.LabelDemo1WithTestNg"/>
</testsuite> <!-- testNgWithSelenium.LabelDemo1WithTestNg -->
