<?xml version="1.0" encoding="UTF-8"?>
<!-- Generated by org.testng.reporters.JUnitReportReporter -->
<testsuite hostname="DESKTOP-HPUN62I" name="testingNgDemo1.SoftAssertionDemo1" tests="1" failures="0" timestamp="21 May 2024 15:29:55 GMT" time="0.056" errors="0">
  <testcase name="funA" time="0.056" classname="testingNgDemo1.SoftAssertionDemo1"/>
</testsuite> <!-- testingNgDemo1.SoftAssertionDemo1 -->
